c:\users\aster\documents\redorhowitproject\debug\vc141.pdb
c:\users\aster\documents\redorhowitproject\debug\vc141.idb
c:\users\aster\documents\redorhowitproject\debug\title.obj
c:\users\aster\documents\redorhowitproject\debug\result.obj
c:\users\aster\documents\redorhowitproject\debug\main.obj
c:\users\aster\documents\redorhowitproject\debug\sound.obj
c:\users\aster\documents\redorhowitproject\debug\objectbase3d.obj
c:\users\aster\documents\redorhowitproject\debug\objectbase2d.obj
c:\users\aster\documents\redorhowitproject\debug\loading.obj
c:\users\aster\documents\redorhowitproject\debug\light.obj
c:\users\aster\documents\redorhowitproject\debug\input.obj
c:\users\aster\documents\redorhowitproject\debug\fade.obj
c:\users\aster\documents\redorhowitproject\debug\debugprocess.obj
c:\users\aster\documents\redorhowitproject\debug\counter.obj
c:\users\aster\documents\redorhowitproject\debug\camera.obj
c:\users\aster\documents\redorhowitproject\debug\白紅プロジェクト.ilk
c:\users\aster\documents\redorhowitproject\debug\白紅プロジェクト.exe
c:\users\aster\documents\redorhowitproject\debug\白紅プロジェクト.pdb
c:\users\aster\documents\redorhowitproject\debug\白紅プロジェクト.tlog\cl.command.1.tlog
c:\users\aster\documents\redorhowitproject\debug\白紅プロジェクト.tlog\cl.read.1.tlog
c:\users\aster\documents\redorhowitproject\debug\白紅プロジェクト.tlog\cl.write.1.tlog
c:\users\aster\documents\redorhowitproject\debug\白紅プロジェクト.tlog\link.command.1.tlog
c:\users\aster\documents\redorhowitproject\debug\白紅プロジェクト.tlog\link.read.1.tlog
c:\users\aster\documents\redorhowitproject\debug\白紅プロジェクト.tlog\link.write.1.tlog
